============================================================
  Generated by:           Genus(TM) Synthesis Solution 20.11-s111_1
  Generated on:           Apr 16 2026  12:08:13 pm
  Module:                 processor
  Operating conditions:   slow (balanced_tree)
  Wireload mode:          enclosed
  Area mode:              timing library
============================================================

                                
   Gate    Instances    Area    Library 
----------------------------------------
ADDFXL             5     98.397    slow 
AND2XL            24    108.994    slow 
AO22XL             5     37.845    slow 
AOI211XL          17     90.071    slow 
AOI21XL           14     63.580    slow 
AOI221XL          55    416.295    slow 
AOI222XL          67    557.835    slow 
AOI22XL          242   1465.358    slow 
AOI31XL            1      6.055    slow 
BUFX2             36    163.490    slow 
CLKINVX2           6     22.707    slow 
CLKINVX3           5     22.707    slow 
CLKINVX4           1      6.055    slow 
INVXL             82    186.197    slow 
MX2XL            262   1983.078    slow 
MXI2XL             8     48.442    slow 
NAND2BX1          13     59.038    slow 
NAND2X1            1      3.784    slow 
NAND2X2            1      6.055    slow 
NAND2XL          139    420.836    slow 
NAND3X1            5     22.707    slow 
NAND3XL            9     40.873    slow 
NAND4X1            1      6.055    slow 
NAND4XL           54    286.108    slow 
NOR2BX1            8     36.331    slow 
NOR2BXL            7     31.790    slow 
NOR2X1             8     30.276    slow 
NOR2X2             1      6.055    slow 
NOR2XL            76    230.098    slow 
NOR3X1             1      4.541    slow 
NOR4XL             1      6.055    slow 
OA22XL             2     15.138    slow 
OAI211XL          18     95.369    slow 
OAI21XL           18     81.745    slow 
OAI221XL          15    113.535    slow 
OAI222XL           3     24.978    slow 
OAI2BB1XL         27    143.054    slow 
OAI31XL            1      6.055    slow 
OAI32XL            1      6.812    slow 
OR2XL              1      4.541    slow 
SDFFRHQX1        253   6319.358    slow 
SDFFRHQX2         14    360.284    slow 
SDFFRHQX4         15    476.847    slow 
SDFFSHQX1         14    381.478    slow 
----------------------------------------
total           1537  14496.905         


                                          
     Type      Instances    Area   Area % 
------------------------------------------
sequential           296  7537.967   52.0 
inverter              94   237.667    1.6 
buffer                36   163.490    1.1 
logic               1111  6557.782   45.2 
physical_cells         0     0.000    0.0 
------------------------------------------
total               1537 14496.905  100.0 

