============================================================
  Generated by:           Genus(TM) Synthesis Solution 20.11-s111_1
  Generated on:           Apr 16 2026  12:08:13 pm
  Module:                 processor
  Operating conditions:   slow (balanced_tree)
  Wireload mode:          enclosed
  Area mode:              timing library
============================================================


Path 1: MET (13860 ps) Late External Delay Assertion at pin PC_out[4]
          Group: clk
     Startpoint: (R) PC_reg[4]/CK
          Clock: (R) clk
       Endpoint: (R) PC_out[4]
          Clock: (R) clk

                     Capture       Launch     
        Clock Edge:+   20000            0     
       Src Latency:+       0            0     
       Net Latency:+       0 (I)        0 (I) 
           Arrival:=   20000            0     
                                              
      Output Delay:-    5000                  
       Uncertainty:-     500                  
     Required Time:=   14500                  
      Launch Clock:-       0                  
         Data Path:-     640                  
             Slack:=   13860                  

Exceptions/Constraints:
  output_delay             5000            processor.sdc_line_14_8_1 

#---------------------------------------------------------------------------------------
# Timing Point   Flags   Arc   Edge   Cell     Fanout Load Trans Delay Arrival Instance 
#                                                     (fF)  (ps)  (ps)   (ps)  Location 
#---------------------------------------------------------------------------------------
  PC_reg[4]/CK   -       -     R     (arrival)    296    -   200     0       0    (-,-) 
  PC_reg[4]/Q    -       CK->Q R     SDFFRHQX2     12 83.3   365   640     640    (-,-) 
  PC_out[4]      <<<     -     R     (port)         -    -     -     0     640    (-,-) 
#---------------------------------------------------------------------------------------

